2020-09-04 at 00:45:05 | DEBUG | test
2020-09-04 at 00:45:29 | DEBUG | test
2020-09-04 at 00:46:24 | DEBUG | test
2020-09-04 at 00:46:33 | DEBUG | test
2020-09-04 at 00:46:34 | DEBUG | Client : send data 1!
2020-09-04 at 00:46:36 | DEBUG | Client : send data 2!
2020-09-04 at 00:46:43 | DEBUG | test
2020-09-04 at 20:40:30 | DEBUG | test
2020-09-04 at 20:41:06 | DEBUG | test
2020-09-04 at 20:41:11 | DEBUG | test
2020-09-04 at 20:41:29 | DEBUG | test
2020-09-04 at 20:41:32 | DEBUG | test
2020-09-04 at 20:41:34 | DEBUG | test
2020-09-04 at 20:41:39 | DEBUG | test
2020-09-04 at 20:44:34 | DEBUG | test
2020-09-04 at 20:44:36 | DEBUG | test
2020-09-04 at 20:44:51 | DEBUG | test
2020-09-04 at 20:44:54 | DEBUG | test
2020-09-04 at 20:44:57 | DEBUG | test
2020-09-04 at 20:55:30 | DEBUG | test
2020-09-04 at 20:55:39 | DEBUG | test
2020-09-04 at 20:55:42 | DEBUG | test
2020-09-04 at 20:55:44 | DEBUG | test
2020-09-04 at 20:55:44 | DEBUG | Server : connect with 60296!
2020-09-04 at 20:55:44 | DEBUG | Server : put 60296 to the storage!
2020-09-04 at 20:55:52 | DEBUG | Client : send data 1!
2020-09-04 at 20:55:57 | DEBUG | Client : send data 2!
2020-09-04 at 20:56:57 | DEBUG | test
2020-09-04 at 20:57:00 | DEBUG | test
2020-09-04 at 20:57:02 | DEBUG | test
2020-09-04 at 20:57:02 | DEBUG | Server : connect with 60303!
2020-09-04 at 20:57:02 | DEBUG | Server : put 60303 to the storage!
2020-09-04 at 20:57:05 | DEBUG | Client : send data 5!
2020-09-04 at 20:57:32 | DEBUG | Client : send data 333!
2020-09-04 at 20:57:36 | DEBUG | test
2020-09-04 at 21:06:18 | DEBUG | test
2020-09-04 at 21:06:20 | DEBUG | test
2020-09-04 at 21:06:20 | DEBUG | Server : connect with 60348!
2020-09-04 at 21:06:20 | DEBUG | Server : put 60348 to the storage!
2020-09-04 at 21:06:42 | DEBUG | test
2020-09-04 at 21:06:44 | DEBUG | test
2020-09-04 at 21:06:44 | DEBUG | Server : connect with 60353!
2020-09-04 at 21:06:44 | DEBUG | Server : put 60353 to the storage!
2020-09-04 at 21:06:46 | DEBUG | Server: recv 3
2020-09-04 at 21:06:46 | DEBUG | Client : send data 3!
2020-09-04 at 21:06:48 | DEBUG | Client : send data 4!
2020-09-04 at 21:06:48 | DEBUG | Server: recv 4
2020-09-04 at 21:06:49 | DEBUG | Server: recv 5
2020-09-04 at 21:06:49 | DEBUG | Client : send data 5!
2020-09-04 at 21:06:52 | DEBUG | Client : send data 6!
2020-09-04 at 21:06:52 | DEBUG | Server: recv 6
2020-09-04 at 21:06:53 | DEBUG | Client : send data 7!
2020-09-04 at 21:06:54 | DEBUG | Server: recv 8
ta 8!
2020-09-04 at 21:06:55 | DEBUG | Server: recv 9
ta 9!
2020-09-04 at 21:06:57 | DEBUG | Client : send data 10!
2020-09-04 at 21:06:58 | DEBUG | Client : send data 5!
2020-09-04 at 21:06:58 | DEBUG | Server: recv 5
2020-09-04 at 21:07:05 | DEBUG | Client : send data 4!
2020-09-04 at 21:07:05 | DEBUG | Server: recv 4
2020-09-04 at 21:07:06 | DEBUG | Client : send data 4!
2020-09-04 at 21:07:06 | DEBUG | Client : send data 4!
2020-09-04 at 21:08:07 | DEBUG | test
2020-09-04 at 21:08:10 | DEBUG | test
2020-09-04 at 21:08:10 | DEBUG | Server : connect with 60379!
2020-09-04 at 21:08:10 | DEBUG | Server : put 60379 to the storage!
2020-09-04 at 21:08:14 | DEBUG | Server: recv 1 
2020-09-04 at 21:08:14 | DEBUG | Client : send data 1 !
2020-09-04 at 21:08:16 | DEBUG | Client : send data 1!
2020-09-04 at 21:08:16 | DEBUG | Server: recv 1
2020-09-04 at 21:08:17 | DEBUG | Client : send data 1!
2020-09-04 at 21:08:17 | DEBUG | Server: recv 1
2020-09-04 at 21:08:17 | DEBUG | Server: recv 1
ta 1!
2020-09-04 at 21:08:18 | DEBUG | Client : send data 1!
2020-09-04 at 21:08:18 | DEBUG | Client : send data 1!
2020-09-04 at 21:08:18 | DEBUG | Client : send data 1!
2020-09-04 at 21:08:18 | DEBUG | Server: recv 1
2020-09-04 at 21:08:19 | DEBUG | Client : send data 1!
2020-09-04 at 21:08:19 | DEBUG | Client : send data 1!
2020-09-04 at 21:08:20 | DEBUG | Client : send data 1!
2020-09-04 at 21:08:20 | DEBUG | Client : send data 1!
2020-09-04 at 21:09:19 | DEBUG | test
2020-09-04 at 21:09:21 | DEBUG | test
2020-09-04 at 21:09:21 | DEBUG | Server : connect with 60408!
2020-09-04 at 21:09:21 | DEBUG | Server : put 60408 to the storage!
2020-09-04 at 21:09:23 | DEBUG | Server: recv 1
2020-09-04 at 21:09:23 | DEBUG | Client : send data 1!
2020-09-04 at 21:09:24 | DEBUG | Client : send data 1!
2020-09-04 at 21:09:24 | DEBUG | Server: recv 1
2020-09-04 at 21:09:24 | DEBUG | Client : send data 1!
2020-09-04 at 21:09:24 | DEBUG | Server: recv 1
2020-09-04 at 21:09:24 | DEBUG | Client : send data 1!
2020-09-04 at 21:09:24 | DEBUG | Server: recv 1
2020-09-04 at 21:09:24 | DEBUG | Client : send data 1!
2020-09-04 at 21:09:24 | DEBUG | Server: recv 1
2020-09-04 at 21:09:24 | DEBUG | Client : send data 1!
2020-09-04 at 21:09:24 | DEBUG | Server: recv 1
2020-09-04 at 21:09:25 | DEBUG | Server: recv 1
ta 1!
2020-09-04 at 21:09:25 | DEBUG | Server: recv 1
ta 1!
2020-09-04 at 21:09:25 | DEBUG | Client : send data 1!
2020-09-04 at 21:09:25 | DEBUG | Client : send data 1!
2020-09-04 at 21:09:25 | DEBUG | Server: recv 1
2020-09-04 at 21:09:26 | DEBUG | Client : send data 1!
2020-09-04 at 21:09:26 | DEBUG | Server: recv 1
2020-09-04 at 21:09:26 | DEBUG | Server: full!
ata 1!
2020-09-04 at 21:09:26 | DEBUG | Server: recv 1
2020-09-04 at 21:09:26 | DEBUG | Client : send data 1!
2020-09-04 at 21:09:26 | DEBUG | Server: full!
2020-09-04 at 21:09:26 | DEBUG | Server: recv 1
2020-09-04 at 21:09:27 | DEBUG | Server: full!
ata 1!
2020-09-04 at 21:09:27 | DEBUG | Server: recv 1
2020-09-04 at 21:09:27 | DEBUG | Client : send data 1!
2020-09-04 at 21:09:27 | DEBUG | Server: full!
2020-09-04 at 21:09:27 | DEBUG | Server: recv 1
2020-09-04 at 21:09:27 | DEBUG | Client : send data 1!
2020-09-04 at 21:09:27 | DEBUG | Server: recv 1
2020-09-04 at 21:09:28 | DEBUG | Client : send data 1!
2020-09-04 at 21:09:28 | DEBUG | Server: full!
2020-09-04 at 21:09:28 | DEBUG | Server: recv 1
2020-09-04 at 21:09:28 | DEBUG | Client : send data 1!
2020-09-04 at 21:09:28 | DEBUG | Server: recv 1
2020-09-04 at 21:09:28 | DEBUG | Client : send data 1!
2020-09-04 at 21:09:28 | DEBUG | Server: recv 1
2020-09-04 at 21:09:28 | DEBUG | Server: full!
ata 1!
2020-09-04 at 21:09:28 | DEBUG | Server: recv 1
2020-09-04 at 21:09:28 | DEBUG | Client : send data 1!
2020-09-04 at 21:09:28 | DEBUG | Server: full!
2020-09-04 at 21:09:28 | DEBUG | Server: recv 1
2020-09-04 at 21:09:31 | DEBUG | Client : send data 2!
2020-09-04 at 21:09:31 | DEBUG | Server: recv 2
2020-09-04 at 21:09:32 | DEBUG | Server: lose conn
2020-09-04 at 21:10:24 | DEBUG | test
2020-09-04 at 21:10:29 | DEBUG | test
2020-09-04 at 21:10:32 | DEBUG | test
2020-09-04 at 21:10:32 | DEBUG | Server : connect with 60414!
2020-09-04 at 21:10:32 | DEBUG | Server : put 60414 to the storage!
2020-09-04 at 21:10:36 | DEBUG | test
2020-09-04 at 21:10:49 | DEBUG | Client : send data 2!
2020-09-04 at 21:10:51 | DEBUG | Client : send data 1!
2020-09-04 at 21:10:55 | DEBUG | Server: recv 2
2020-09-04 at 21:10:55 | DEBUG | Client : send data 2!
2020-09-04 at 21:11:34 | DEBUG | test
2020-09-04 at 21:11:36 | DEBUG | Client : send data 2!
2020-09-04 at 21:11:41 | DEBUG | Server: lose conn
2020-09-04 at 21:12:11 | DEBUG | test
2020-09-04 at 21:12:13 | DEBUG | test
2020-09-04 at 21:12:13 | DEBUG | Server : connect with 60422!
2020-09-04 at 21:12:13 | DEBUG | Server : put 60422 to the storage!
2020-09-04 at 21:12:14 | DEBUG | Server: lose conn
2020-09-04 at 21:12:17 | DEBUG | test
2020-09-04 at 21:12:17 | DEBUG | Server : connect with 60423!
2020-09-04 at 21:12:17 | DEBUG | Server : put 60423 to the storage!
2020-09-04 at 21:12:19 | DEBUG | test
2020-09-04 at 21:12:21 | DEBUG | Server: lose conn
2020-09-04 at 21:12:21 | DEBUG | Server : connect with 60424!
2020-09-04 at 21:12:21 | DEBUG | Server : put 60424 to the storage!
2020-09-04 at 21:12:32 | DEBUG | test
2020-09-04 at 21:12:38 | DEBUG | Server: lose conn
2020-09-04 at 21:12:38 | DEBUG | Server : connect with 60427!
2020-09-04 at 21:12:38 | DEBUG | Server : put 60427 to the storage!
2020-09-04 at 21:12:38 | DEBUG | Server: lose conn
2020-09-04 at 21:12:54 | DEBUG | test
2020-09-04 at 21:12:58 | DEBUG | test
2020-09-04 at 21:13:00 | DEBUG | test
2020-09-04 at 21:13:00 | DEBUG | Server : connect with 60429!
2020-09-04 at 21:13:00 | DEBUG | Server : put 60429 to the storage!
2020-09-04 at 21:13:02 | DEBUG | test
2020-09-04 at 21:14:37 | DEBUG | Server: recv 2
2020-09-04 at 21:14:37 | DEBUG | Client : send data 2!
2020-09-04 at 21:14:40 | DEBUG | Client : send data 2!
2020-09-04 at 21:14:42 | DEBUG | Server: lose conn
2020-09-04 at 21:14:42 | DEBUG | Server : connect with 60430!
2020-09-04 at 21:14:42 | DEBUG | Server : put 60430 to the storage!
2020-09-04 at 21:14:42 | DEBUG | Server: recv 2
2020-09-04 at 21:14:45 | DEBUG | Server: lose conn
2020-09-04 at 21:15:24 | DEBUG | test
2020-09-04 at 21:15:33 | DEBUG | test
2020-09-04 at 21:15:35 | DEBUG | test
2020-09-04 at 21:15:35 | DEBUG | Server : connect with 60445!
2020-09-04 at 21:15:35 | DEBUG | Server : put 60445 to the storage!
2020-09-04 at 21:15:37 | DEBUG | test
2020-09-04 at 21:15:44 | DEBUG | Server: recv 2
2020-09-04 at 21:15:44 | DEBUG | Client : send data 2!
2020-09-04 at 21:15:45 | DEBUG | Server: recv 2
2020-09-04 at 21:15:45 | DEBUG | Client : send data 2!
2020-09-04 at 21:15:46 | DEBUG | Server: recv 2
2020-09-04 at 21:15:46 | DEBUG | Client : send data 2!
2020-09-04 at 21:19:30 | DEBUG | Server: lose conn
2020-09-04 at 21:19:30 | DEBUG | Server : connect with 60446!
2020-09-04 at 21:19:30 | DEBUG | Server : put 60446 to the storage!
2020-09-04 at 21:19:35 | DEBUG | test
2020-09-04 at 21:19:40 | DEBUG | test
2020-09-04 at 21:19:42 | DEBUG | test
2020-09-04 at 21:19:42 | DEBUG | Server : connect with 60501!
2020-09-04 at 21:19:42 | DEBUG | Server : put 60501 to the storage!
2020-09-04 at 21:19:50 | DEBUG | test
2020-09-04 at 21:19:57 | DEBUG | Server: lose conn
2020-09-04 at 21:19:57 | DEBUG | Server : connect with 60502!
2020-09-04 at 21:19:57 | DEBUG | Server : put 60502 to the storage!
2020-09-04 at 21:19:57 | DEBUG | Server: lose conn
2020-09-04 at 21:20:00 | DEBUG | test
2020-09-04 at 21:21:23 | DEBUG | test
2020-09-04 at 21:21:25 | DEBUG | test
2020-09-04 at 21:21:25 | DEBUG | Server : connect with 60526!
2020-09-04 at 21:21:25 | DEBUG | Server : put 60526 to the storage!
2020-09-04 at 21:21:28 | DEBUG | test
2020-09-04 at 21:21:49 | DEBUG | test
2020-09-04 at 21:21:51 | DEBUG | test
2020-09-04 at 21:21:51 | DEBUG | Server : connect with 60530!
2020-09-04 at 21:21:51 | DEBUG | Server : put 60530 to the storage!
2020-09-04 at 21:21:53 | DEBUG | test
2020-09-04 at 21:26:13 | DEBUG | test
2020-09-04 at 21:26:15 | DEBUG | test
2020-09-04 at 21:26:15 | DEBUG | Server : connect with 60570!
2020-09-04 at 21:26:15 | DEBUG | Server : put 60570 to the storage!
2020-09-04 at 21:26:18 | DEBUG | test
2020-09-04 at 21:32:28 | DEBUG | Server: lose conn
2020-09-04 at 21:32:28 | DEBUG | Server : connect with 60573!
2020-09-04 at 21:32:28 | DEBUG | Server : put 60573 to the storage!
2020-09-04 at 21:32:33 | DEBUG | test
2020-09-04 at 21:32:35 | DEBUG | test
2020-09-04 at 21:32:35 | DEBUG | Server : connect with 60635!
2020-09-04 at 21:32:59 | DEBUG | test
2020-09-04 at 21:33:03 | DEBUG | test
2020-09-04 at 21:33:03 | DEBUG | Server : connect with 60637!
2020-09-04 at 21:33:03 | DEBUG | Server : put 60637 to the storage!
2020-09-04 at 21:33:06 | DEBUG | test
2020-09-04 at 21:33:06 | DEBUG | Server : connect with 60638!
2020-09-04 at 21:33:06 | DEBUG | Server : put 60638 to the storage!
2020-09-04 at 21:33:08 | DEBUG | Server: recv 1
2020-09-04 at 21:33:08 | DEBUG | Client : send data 1!
2020-09-04 at 21:33:09 | DEBUG | Client : send data 1!
2020-09-04 at 21:33:11 | DEBUG | Server: recv 2
2020-09-04 at 21:33:11 | DEBUG | Client : send data 2!
2020-09-04 at 21:33:12 | DEBUG | Server: recv 2
2020-09-04 at 21:33:12 | DEBUG | Client : send data 2!
2020-09-04 at 21:33:16 | DEBUG | test
2020-09-04 at 21:33:16 | DEBUG | Server : connect with 60641!
2020-09-04 at 21:33:16 | DEBUG | Server : put 60641 to the storage!
2020-09-04 at 21:35:26 | DEBUG | Server: lose conn
2020-09-04 at 21:35:27 | DEBUG | Server: lose conn
2020-09-04 at 21:35:30 | DEBUG | Server: lose conn
2020-09-04 at 21:35:34 | DEBUG | test
